#! /usr/local/bin/vvp
:ivl_version "12.0 (stable)";
:ivl_delay_selection "TYPICAL";
:vpi_time_precision + 0;
:vpi_module "/usr/local/lib/ivl/system.vpi";
:vpi_module "/usr/local/lib/ivl/vhdl_sys.vpi";
:vpi_module "/usr/local/lib/ivl/vhdl_textio.vpi";
:vpi_module "/usr/local/lib/ivl/v2005_math.vpi";
:vpi_module "/usr/local/lib/ivl/va_math.vpi";
:vpi_module "/usr/local/lib/ivl/v2009.vpi";
S_0x202fa80 .scope package, "$unit" "$unit" 2 1;
 .timescale 0 0;
S_0x2030e90 .scope module, "NSum_tb" "NSum_tb" 3 1;
 .timescale 0 0;
v0x205c8b0_0 .var "N", 2 0;
v0x205c990_0 .var "N_valid", 0 0;
v0x205ca60_0 .var "clk", 0 0;
v0x205cb60_0 .var "reset", 0 0;
v0x205cc30_0 .net "sum", 3 0, v0x205c590_0;  1 drivers
v0x205ccd0_0 .net "sum_valid", 0 0, v0x205c6f0_0;  1 drivers
S_0x2030510 .scope module, "uut" "NSum" 3 9, 4 2 0, S_0x2030e90;
 .timescale 0 0;
    .port_info 0 /INPUT 3 "N";
    .port_info 1 /INPUT 1 "N_valid";
    .port_info 2 /INPUT 1 "reset";
    .port_info 3 /INPUT 1 "clk";
    .port_info 4 /OUTPUT 4 "sum";
    .port_info 5 /OUTPUT 1 "sum_valid";
P_0x2033540 .param/l "busy" 0 4 17, +C4<00000000000000000000000000000001>;
P_0x2033580 .param/l "idle" 0 4 17, +C4<00000000000000000000000000000000>;
v0x2040110_0 .net "N", 2 0, v0x205c8b0_0;  1 drivers
v0x205b650_0 .net "N_valid", 0 0, v0x205c990_0;  1 drivers
L_0x7f4a1e144018 .functor BUFT 1, C4<001>, C4<0>, C4<0>, C4<0>;
v0x205b710_0 .net/2u *"_ivl_0", 2 0, L_0x7f4a1e144018;  1 drivers
L_0x7f4a1e1440a8 .functor BUFT 1, C4<0000>, C4<0>, C4<0>, C4<0>;
v0x205b800_0 .net/2u *"_ivl_12", 3 0, L_0x7f4a1e1440a8;  1 drivers
v0x205b8e0_0 .net *"_ivl_16", 31 0, L_0x205d540;  1 drivers
L_0x7f4a1e1440f0 .functor BUFT 1, C4<00000000000000000000000000000>, C4<0>, C4<0>, C4<0>;
v0x205ba10_0 .net *"_ivl_19", 28 0, L_0x7f4a1e1440f0;  1 drivers
v0x205baf0_0 .net *"_ivl_2", 2 0, L_0x205cda0;  1 drivers
L_0x7f4a1e144138 .functor BUFT 1, C4<00000000000000000000000000000001>, C4<0>, C4<0>, C4<0>;
v0x205bbd0_0 .net/2u *"_ivl_20", 31 0, L_0x7f4a1e144138;  1 drivers
v0x205bcb0_0 .net *"_ivl_6", 3 0, L_0x205d100;  1 drivers
L_0x7f4a1e144060 .functor BUFT 1, C4<0>, C4<0>, C4<0>, C4<0>;
v0x205be20_0 .net *"_ivl_9", 0 0, L_0x7f4a1e144060;  1 drivers
v0x205bf00_0 .net "add_out", 3 0, L_0x205d240;  1 drivers
v0x205bfe0_0 .net "clk", 0 0, v0x205ca60_0;  1 drivers
v0x205c0a0_0 .var "i", 2 0;
v0x205c180_0 .net "i_eq_1", 0 0, L_0x206d640;  1 drivers
v0x205c240_0 .net "in_mux", 2 0, L_0x205cf90;  1 drivers
v0x205c320_0 .net "reset", 0 0, v0x205cb60_0;  1 drivers
v0x205c3e0_0 .var "state", 0 0;
v0x205c590_0 .var "sum", 3 0;
v0x205c630_0 .net "sum_mux", 3 0, L_0x205d3b0;  1 drivers
v0x205c6f0_0 .var "sum_valid", 0 0;
E_0x2044da0 .event posedge, v0x205bfe0_0;
L_0x205cda0 .arith/sub 3, v0x205c0a0_0, L_0x7f4a1e144018;
L_0x205cf90 .functor MUXZ 3, v0x205c8b0_0, L_0x205cda0, v0x205c3e0_0, C4<>;
L_0x205d100 .concat [ 3 1 0 0], v0x205c0a0_0, L_0x7f4a1e144060;
L_0x205d240 .arith/sum 4, v0x205c590_0, L_0x205d100;
L_0x205d3b0 .functor MUXZ 4, L_0x7f4a1e1440a8, L_0x205d240, v0x205c3e0_0, C4<>;
L_0x205d540 .concat [ 3 29 0 0], v0x205c0a0_0, L_0x7f4a1e1440f0;
L_0x206d640 .cmp/eq 32, L_0x205d540, L_0x7f4a1e144138;
    .scope S_0x2030510;
T_0 ;
    %wait E_0x2044da0;
    %load/vec4 v0x205c320_0;
    %flag_set/vec4 8;
    %jmp/0xz  T_0.0, 8;
    %pushi/vec4 0, 0, 1;
    %assign/vec4 v0x205c3e0_0, 0;
T_0.0 ;
    %load/vec4 v0x205c240_0;
    %assign/vec4 v0x205c0a0_0, 0;
    %load/vec4 v0x205c630_0;
    %assign/vec4 v0x205c590_0, 0;
    %load/vec4 v0x205c180_0;
    %assign/vec4 v0x205c6f0_0, 0;
    %load/vec4 v0x205c3e0_0;
    %dup/vec4;
    %pushi/vec4 1, 0, 1;
    %cmp/u;
    %jmp/1 T_0.2, 6;
    %dup/vec4;
    %pushi/vec4 0, 0, 1;
    %cmp/u;
    %jmp/1 T_0.3, 6;
    %jmp T_0.4;
T_0.2 ;
    %load/vec4 v0x205c180_0;
    %flag_set/vec4 8;
    %jmp/0 T_0.5, 8;
    %pushi/vec4 0, 0, 32;
    %jmp/1 T_0.6, 8;
T_0.5 ; End of true expr.
    %pushi/vec4 1, 0, 32;
    %jmp/0 T_0.6, 8;
 ; End of false expr.
    %blend;
T_0.6;
    %pad/s 1;
    %assign/vec4 v0x205c3e0_0, 0;
    %jmp T_0.4;
T_0.3 ;
    %load/vec4 v0x205b650_0;
    %flag_set/vec4 8;
    %jmp/0 T_0.7, 8;
    %pushi/vec4 1, 0, 32;
    %jmp/1 T_0.8, 8;
T_0.7 ; End of true expr.
    %pushi/vec4 0, 0, 32;
    %jmp/0 T_0.8, 8;
 ; End of false expr.
    %blend;
T_0.8;
    %pad/s 1;
    %assign/vec4 v0x205c3e0_0, 0;
    %jmp T_0.4;
T_0.4 ;
    %pop/vec4 1;
    %jmp T_0;
    .thread T_0;
    .scope S_0x2030e90;
T_1 ;
    %vpi_call/w 3 13 "$dumpfile", "NSum.vcd" {0 0 0};
    %vpi_call/w 3 14 "$dumpvars", 32'sb00000000000000000000000000000000 {0 0 0};
    %end;
    .thread T_1;
    .scope S_0x2030e90;
T_2 ;
    %pushi/vec4 1, 0, 1;
    %store/vec4 v0x205ca60_0, 0, 1;
T_2.0 ;
    %delay 5, 0;
    %load/vec4 v0x205ca60_0;
    %inv;
    %store/vec4 v0x205ca60_0, 0, 1;
    %jmp T_2.0;
    %end;
    .thread T_2;
    .scope S_0x2030e90;
T_3 ;
    %pushi/vec4 0, 0, 1;
    %store/vec4 v0x205c990_0, 0, 1;
    %pushi/vec4 0, 0, 1;
    %store/vec4 v0x205cb60_0, 0, 1;
    %delay 2, 0;
    %pushi/vec4 1, 0, 1;
    %store/vec4 v0x205cb60_0, 0, 1;
    %delay 10, 0;
    %pushi/vec4 0, 0, 1;
    %store/vec4 v0x205cb60_0, 0, 1;
    %delay 5, 0;
    %pushi/vec4 5, 0, 3;
    %store/vec4 v0x205c8b0_0, 0, 3;
    %pushi/vec4 1, 0, 1;
    %store/vec4 v0x205c990_0, 0, 1;
    %delay 10, 0;
    %pushi/vec4 0, 0, 1;
    %store/vec4 v0x205c990_0, 0, 1;
    %delay 20, 0;
    %pushi/vec4 4, 0, 3;
    %store/vec4 v0x205c8b0_0, 0, 3;
    %pushi/vec4 1, 0, 1;
    %store/vec4 v0x205c990_0, 0, 1;
    %delay 10, 0;
    %pushi/vec4 0, 0, 1;
    %store/vec4 v0x205c990_0, 0, 1;
    %delay 200, 0;
    %vpi_call/w 3 37 "$finish" {0 0 0};
    %end;
    .thread T_3;
# The file index is used to find the file name in the following table.
:file_names 5;
    "N/A";
    "<interactive>";
    "-";
    "testbench.sv";
    "design.sv";
